{"/home/junior/www/tdd-ts-api/src/presentation/errors/MissingParamError.ts": {"path":"/home/junior/www/tdd-ts-api/src/presentation/errors/MissingParamError.ts","all":false,"statementMap":{"0":{"start":{"line":1,"column":0},"end":{"line":1,"column":46}},"1":{"start":{"line":2,"column":0},"end":{"line":2,"column":34}},"2":{"start":{"line":3,"column":0},"end":{"line":3,"column":25}},"3":{"start":{"line":4,"column":0},"end":{"line":4,"column":29}},"4":{"start":{"line":5,"column":0},"end":{"line":5,"column":3}},"5":{"start":{"line":6,"column":0},"end":{"line":6,"column":1}}},"s":{"0":1,"1":1,"2":6,"3":6,"4":6,"5":1},"branchMap":{},"b":{},"fnMap":{"0":{"name":"MissingParamError","decl":{"start":{"line":2,"column":2},"end":{"line":5,"column":3}},"loc":{"start":{"line":2,"column":2},"end":{"line":5,"column":3}},"line":2}},"f":{"0":6}}
}
