{"/home/junior/www/tdd-ts-api/src/client/client.ts": {"path":"/home/junior/www/tdd-ts-api/src/client/client.ts","all":false,"statementMap":{"0":{"start":{"line":1,"column":0},"end":{"line":1,"column":46}},"1":{"start":{"line":2,"column":0},"end":{"line":2,"column":0}},"2":{"start":{"line":3,"column":0},"end":{"line":3,"column":34}},"3":{"start":{"line":4,"column":0},"end":{"line":4,"column":0}},"4":{"start":{"line":5,"column":0},"end":{"line":5,"column":22}}},"s":{"0":1,"1":1,"2":1,"3":1,"4":1},"branchMap":{},"b":{},"fnMap":{},"f":{}}
,"/home/junior/www/tdd-ts-api/src/infra/repositories/CreateUserRepository.ts": {"path":"/home/junior/www/tdd-ts-api/src/infra/repositories/CreateUserRepository.ts","all":false,"statementMap":{"0":{"start":{"line":1,"column":0},"end":{"line":1,"column":46}},"1":{"start":{"line":2,"column":0},"end":{"line":2,"column":80}},"2":{"start":{"line":3,"column":0},"end":{"line":3,"column":0}},"3":{"start":{"line":4,"column":0},"end":{"line":4,"column":23}},"4":{"start":{"line":5,"column":0},"end":{"line":5,"column":15}},"5":{"start":{"line":6,"column":0},"end":{"line":6,"column":16}},"6":{"start":{"line":7,"column":0},"end":{"line":7,"column":19}},"7":{"start":{"line":8,"column":0},"end":{"line":8,"column":1}},"8":{"start":{"line":9,"column":0},"end":{"line":9,"column":0}},"9":{"start":{"line":10,"column":0},"end":{"line":10,"column":43}},"10":{"start":{"line":11,"column":0},"end":{"line":11,"column":31}},"11":{"start":{"line":12,"column":0},"end":{"line":12,"column":0}},"12":{"start":{"line":13,"column":0},"end":{"line":13,"column":37}},"13":{"start":{"line":14,"column":0},"end":{"line":14,"column":25}},"14":{"start":{"line":15,"column":0},"end":{"line":15,"column":3}},"15":{"start":{"line":16,"column":0},"end":{"line":16,"column":0}},"16":{"start":{"line":17,"column":0},"end":{"line":17,"column":57}},"17":{"start":{"line":18,"column":0},"end":{"line":18,"column":31}},"18":{"start":{"line":19,"column":0},"end":{"line":19,"column":42}},"19":{"start":{"line":20,"column":0},"end":{"line":20,"column":5}},"20":{"start":{"line":21,"column":0},"end":{"line":21,"column":0}},"21":{"start":{"line":22,"column":0},"end":{"line":22,"column":33}},"22":{"start":{"line":23,"column":0},"end":{"line":23,"column":43}},"23":{"start":{"line":24,"column":0},"end":{"line":24,"column":5}},"24":{"start":{"line":25,"column":0},"end":{"line":25,"column":0}},"25":{"start":{"line":26,"column":0},"end":{"line":26,"column":39}},"26":{"start":{"line":27,"column":0},"end":{"line":27,"column":46}},"27":{"start":{"line":28,"column":0},"end":{"line":28,"column":5}},"28":{"start":{"line":29,"column":0},"end":{"line":29,"column":0}},"29":{"start":{"line":30,"column":0},"end":{"line":30,"column":42}},"30":{"start":{"line":31,"column":0},"end":{"line":31,"column":13}},"31":{"start":{"line":32,"column":0},"end":{"line":32,"column":13}},"32":{"start":{"line":33,"column":0},"end":{"line":33,"column":14}},"33":{"start":{"line":34,"column":0},"end":{"line":34,"column":17}},"34":{"start":{"line":35,"column":0},"end":{"line":35,"column":8}},"35":{"start":{"line":36,"column":0},"end":{"line":36,"column":7}},"36":{"start":{"line":37,"column":0},"end":{"line":37,"column":0}},"37":{"start":{"line":38,"column":0},"end":{"line":38,"column":16}},"38":{"start":{"line":39,"column":0},"end":{"line":39,"column":3}},"39":{"start":{"line":40,"column":0},"end":{"line":40,"column":1}}},"s":{"0":1,"1":1,"2":1,"3":1,"4":1,"5":1,"6":1,"7":1,"8":1,"9":1,"10":1,"11":1,"12":1,"13":4,"14":4,"15":1,"16":1,"17":4,"18":1,"19":1,"20":3,"21":4,"22":1,"23":1,"24":2,"25":4,"26":4,"27":4,"28":4,"29":4,"30":4,"31":4,"32":4,"33":4,"34":4,"35":4,"36":4,"37":4,"38":4,"39":1},"branchMap":{"0":{"type":"branch","line":10,"loc":{"start":{"line":10,"column":0},"end":{"line":40,"column":1}},"locations":[{"start":{"line":10,"column":0},"end":{"line":40,"column":1}}]},"1":{"type":"branch","line":13,"loc":{"start":{"line":13,"column":2},"end":{"line":15,"column":3}},"locations":[{"start":{"line":13,"column":2},"end":{"line":15,"column":3}}]},"2":{"type":"branch","line":17,"loc":{"start":{"line":17,"column":2},"end":{"line":39,"column":3}},"locations":[{"start":{"line":17,"column":2},"end":{"line":39,"column":3}}]},"3":{"type":"branch","line":18,"loc":{"start":{"line":18,"column":13},"end":{"line":18,"column":28}},"locations":[{"start":{"line":18,"column":13},"end":{"line":18,"column":28}}]},"4":{"type":"branch","line":18,"loc":{"start":{"line":18,"column":30},"end":{"line":20,"column":5}},"locations":[{"start":{"line":18,"column":30},"end":{"line":20,"column":5}}]},"5":{"type":"branch","line":21,"loc":{"start":{"line":21,"column":-1},"end":{"line":22,"column":18}},"locations":[{"start":{"line":21,"column":-1},"end":{"line":22,"column":18}}]},"6":{"type":"branch","line":22,"loc":{"start":{"line":22,"column":14},"end":{"line":22,"column":30}},"locations":[{"start":{"line":22,"column":14},"end":{"line":22,"column":30}}]},"7":{"type":"branch","line":22,"loc":{"start":{"line":22,"column":32},"end":{"line":24,"column":5}},"locations":[{"start":{"line":22,"column":32},"end":{"line":24,"column":5}}]},"8":{"type":"branch","line":25,"loc":{"start":{"line":25,"column":-1},"end":{"line":26,"column":21}},"locations":[{"start":{"line":25,"column":-1},"end":{"line":26,"column":21}}]},"9":{"type":"branch","line":26,"loc":{"start":{"line":26,"column":17},"end":{"line":26,"column":36}},"locations":[{"start":{"line":26,"column":17},"end":{"line":26,"column":36}}]}},"b":{"0":[1],"1":[4],"2":[4],"3":[3],"4":[1],"5":[3],"6":[2],"7":[1],"8":[2],"9":[1]},"fnMap":{"0":{"name":"CreateUserRepository","decl":{"start":{"line":13,"column":2},"end":{"line":15,"column":3}},"loc":{"start":{"line":13,"column":2},"end":{"line":15,"column":3}},"line":13},"1":{"name":"Object.<anonymous>.CreateUserRepository.execute","decl":{"start":{"line":17,"column":2},"end":{"line":39,"column":3}},"loc":{"start":{"line":17,"column":2},"end":{"line":39,"column":3}},"line":17}},"f":{"0":4,"1":4}}
,"/home/junior/www/tdd-ts-api/src/presentation/errors/MissingParamError.ts": {"path":"/home/junior/www/tdd-ts-api/src/presentation/errors/MissingParamError.ts","all":false,"statementMap":{"0":{"start":{"line":1,"column":0},"end":{"line":1,"column":46}},"1":{"start":{"line":2,"column":0},"end":{"line":2,"column":34}},"2":{"start":{"line":3,"column":0},"end":{"line":3,"column":25}},"3":{"start":{"line":4,"column":0},"end":{"line":4,"column":29}},"4":{"start":{"line":5,"column":0},"end":{"line":5,"column":3}},"5":{"start":{"line":6,"column":0},"end":{"line":6,"column":1}}},"s":{"0":1,"1":1,"2":6,"3":6,"4":6,"5":1},"branchMap":{"0":{"type":"branch","line":1,"loc":{"start":{"line":1,"column":0},"end":{"line":6,"column":1}},"locations":[{"start":{"line":1,"column":0},"end":{"line":6,"column":1}}]},"1":{"type":"branch","line":2,"loc":{"start":{"line":2,"column":2},"end":{"line":5,"column":3}},"locations":[{"start":{"line":2,"column":2},"end":{"line":5,"column":3}}]},"2":{"type":"branch","line":3,"loc":{"start":{"line":3,"column":24},"end":{"line":3,"column":25}},"locations":[{"start":{"line":3,"column":24},"end":{"line":3,"column":25}}]}},"b":{"0":[1],"1":[6],"2":[0]},"fnMap":{"0":{"name":"MissingParamError","decl":{"start":{"line":2,"column":2},"end":{"line":5,"column":3}},"loc":{"start":{"line":2,"column":2},"end":{"line":5,"column":3}},"line":2}},"f":{"0":6}}
}
