TN:
SF:src/client/client.ts
FNF:0
FNH:0
DA:1,1
DA:2,1
DA:3,1
DA:4,1
DA:5,1
LF:5
LH:5
BRF:0
BRH:0
end_of_record
TN:
SF:src/infra/repositories/CreateUserRepository.ts
FN:13,CreateUserRepository
FN:17,Object.<anonymous>.CreateUserRepository.execute
FNF:2
FNH:2
FNDA:4,CreateUserRepository
FNDA:4,Object.<anonymous>.CreateUserRepository.execute
DA:1,1
DA:2,1
DA:3,1
DA:4,1
DA:5,1
DA:6,1
DA:7,1
DA:8,1
DA:9,1
DA:10,1
DA:11,1
DA:12,1
DA:13,1
DA:14,4
DA:15,4
DA:16,1
DA:17,1
DA:18,4
DA:19,1
DA:20,1
DA:21,3
DA:22,4
DA:23,1
DA:24,1
DA:25,2
DA:26,4
DA:27,4
DA:28,4
DA:29,4
DA:30,4
DA:31,4
DA:32,4
DA:33,4
DA:34,4
DA:35,4
DA:36,4
DA:37,4
DA:38,4
DA:39,4
DA:40,1
LF:40
LH:40
BRDA:10,0,0,1
BRDA:13,1,0,4
BRDA:17,2,0,4
BRDA:18,3,0,3
BRDA:18,4,0,1
BRDA:21,5,0,3
BRDA:22,6,0,2
BRDA:22,7,0,1
BRDA:25,8,0,2
BRDA:26,9,0,1
BRF:10
BRH:10
end_of_record
TN:
SF:src/presentation/errors/MissingParamError.ts
FN:2,MissingParamError
FNF:1
FNH:1
FNDA:6,MissingParamError
DA:1,1
DA:2,1
DA:3,6
DA:4,6
DA:5,6
DA:6,1
LF:6
LH:6
BRDA:1,0,0,1
BRDA:2,1,0,6
BRDA:3,2,0,0
BRF:3
BRH:2
end_of_record
